This file contains any messages produced by compilers while
running configure, to aid debugging if configure makes a mistake.

It was created by which configure 2.23, which was
generated by GNU Autoconf 2.72.  Invocation command line was

  $ ./configure --prefix=/usr

## --------- ##
## Platform. ##
## --------- ##

hostname = Hp440G8
uname -m = x86_64
uname -r = 6.16.1
uname -s = Linux
uname -v = #29 SMP PREEMPT_DYNAMIC Sat Jan 10 14:45:02 IST 2026

/usr/bin/uname -p = unknown
/bin/uname -X     = unknown

/bin/arch              = unknown
/usr/bin/arch -k       = unknown
/usr/convex/getsysinfo = unknown
/usr/bin/hostinfo      = unknown
/bin/machine           = unknown
/usr/bin/oslevel       = unknown
/bin/universe          = unknown

PATH: /home/LFS/.local/bin/
PATH: /usr/sbin/
PATH: /usr/bin/
PATH: /opt/rustc/bin/
PATH: /opt/qt6/bin/
PATH: /home/LFS/.cargo/bin/
PATH: /home/LFS/kitty/kitty/launcher/
PATH: /opt/jdk/bin/


## ----------- ##
## Core tests. ##
## ----------- ##

configure:2819: looking for aux files: config.guess config.sub compile missing install-sh
configure:2832:  trying ././
configure:2861:   ././config.guess found
configure:2861:   ././config.sub found
configure:2861:   ././compile found
configure:2861:   ././missing found
configure:2843:   ././install-sh found
configure:2993: checking for a BSD-compatible install
configure:3067: result: /usr/bin/install -c
configure:3078: checking whether sleep supports fractional seconds
configure:3094: result: yes
configure:3097: checking filesystem timestamp resolution
configure:3232: result: 0.01
configure:3237: checking whether build environment is sane
configure:3278: result: yes
configure:3449: checking for a race-free mkdir -p
configure:3492: result: /usr/bin/mkdir -p
configure:3499: checking for gawk
configure:3520: found /usr/bin/gawk
configure:3532: result: gawk
configure:3543: checking whether make sets $(MAKE)
configure:3567: result: yes
configure:3593: checking whether make supports nested variables
configure:3612: result: yes
configure:3626: checking xargs -n works
configure:3642: result: yes
configure:3753: checking whether to enable maintainer-specific portions of Makefiles
configure:3764: result: no
configure:3841: checking for gcc
configure:3862: found /usr/bin/gcc
configure:3874: result: gcc
configure:4233: checking for C compiler version
configure:4242: gcc --version >&5
gcc (GCC) 15.2.0
Copyright (C) 2025 Free Software Foundation, Inc.
This is free software; see the source for copying conditions.  There is NO
warranty; not even for MERCHANTABILITY or FITNESS FOR A PARTICULAR PURPOSE.

configure:4253: $? = 0
configure:4242: gcc -v >&5
Using built-in specs.
COLLECT_GCC=gcc
COLLECT_LTO_WRAPPER=/usr/libexec/gcc/x86_64-pc-linux-gnu/15.2.0/lto-wrapper
Target: x86_64-pc-linux-gnu
Configured with: ../configure --prefix=/usr LD=ld --enable-languages=c,c++ --enable-default-pie --enable-default-ssp --enable-host-pie --disable-multilib --disable-bootstrap --disable-fixincludes --with-system-zlib
Thread model: posix
Supported LTO compression algorithms: zlib zstd
gcc version 15.2.0 (GCC) 
configure:4253: $? = 0
configure:4242: gcc -V >&5
gcc: error: unrecognized command-line option '-V'
gcc: fatal error: no input files
compilation terminated.
configure:4253: $? = 1
configure:4242: gcc -qversion >&5
gcc: error: unrecognized command-line option '-qversion'; did you mean '--version'?
gcc: fatal error: no input files
compilation terminated.
configure:4253: $? = 1
configure:4242: gcc -version >&5
gcc: error: unrecognized command-line option '-version'
gcc: fatal error: no input files
compilation terminated.
configure:4253: $? = 1
configure:4273: checking whether the C compiler works
configure:4295: gcc    conftest.c  >&5
configure:4299: $? = 0
configure:4350: result: yes
configure:4354: checking for C compiler default output file name
configure:4356: result: a.out
configure:4362: checking for suffix of executables
configure:4369: gcc -o conftest    conftest.c  >&5
configure:4373: $? = 0
configure:4397: result: 
configure:4421: checking whether we are cross compiling
configure:4429: gcc -o conftest    conftest.c  >&5
configure:4433: $? = 0
configure:4440: ./conftest
configure:4444: $? = 0
configure:4459: result: no
configure:4465: checking for suffix of object files
configure:4488: gcc -c   conftest.c >&5
configure:4492: $? = 0
configure:4516: result: o
configure:4520: checking whether the compiler supports GNU C
configure:4540: gcc -c   conftest.c >&5
configure:4540: $? = 0
configure:4552: result: yes
configure:4563: checking whether gcc accepts -g
configure:4584: gcc -c -g  conftest.c >&5
configure:4584: $? = 0
configure:4631: result: yes
configure:4651: checking for gcc option to enable C11 features
configure:4666: gcc  -c -g -O2  conftest.c >&5
configure:4666: $? = 0
configure:4685: result: none needed
configure:4809: checking whether gcc understands -c and -o together
configure:4832: gcc -c conftest.c -o conftest2.o
configure:4835: $? = 0
configure:4832: gcc -c conftest.c -o conftest2.o
configure:4835: $? = 0
configure:4848: result: yes
configure:4868: checking whether make supports the include directive
configure:4883: make -f confmf.GNU && cat confinc.out
this is the am__doit target
configure:4886: $? = 0
configure:4905: result: yes (GNU style)
configure:4931: checking dependency style of gcc
configure:5044: result: gcc3
configure:5129: checking for g++
configure:5150: found /usr/bin/g++
configure:5162: result: g++
configure:5189: checking for C++ compiler version
configure:5198: g++ --version >&5
g++ (GCC) 15.2.0
Copyright (C) 2025 Free Software Foundation, Inc.
This is free software; see the source for copying conditions.  There is NO
warranty; not even for MERCHANTABILITY or FITNESS FOR A PARTICULAR PURPOSE.

configure:5209: $? = 0
configure:5198: g++ -v >&5
Using built-in specs.
COLLECT_GCC=g++
COLLECT_LTO_WRAPPER=/usr/libexec/gcc/x86_64-pc-linux-gnu/15.2.0/lto-wrapper
Target: x86_64-pc-linux-gnu
Configured with: ../configure --prefix=/usr LD=ld --enable-languages=c,c++ --enable-default-pie --enable-default-ssp --enable-host-pie --disable-multilib --disable-bootstrap --disable-fixincludes --with-system-zlib
Thread model: posix
Supported LTO compression algorithms: zlib zstd
gcc version 15.2.0 (GCC) 
configure:5209: $? = 0
configure:5198: g++ -V >&5
g++: error: unrecognized command-line option '-V'
g++: fatal error: no input files
compilation terminated.
configure:5209: $? = 1
configure:5198: g++ -qversion >&5
g++: error: unrecognized command-line option '-qversion'; did you mean '--version'?
g++: fatal error: no input files
compilation terminated.
configure:5209: $? = 1
configure:5213: checking whether the compiler supports GNU C++
configure:5233: g++ -c   conftest.cpp >&5
configure:5233: $? = 0
configure:5245: result: yes
configure:5256: checking whether g++ accepts -g
configure:5277: g++ -c -g  conftest.cpp >&5
configure:5277: $? = 0
configure:5324: result: yes
configure:5344: checking for g++ option to enable C++11 features
configure:5359: g++  -c -g -O2  conftest.cpp >&5
conftest.cpp: In function 'int main(int, char**)':
conftest.cpp:177:25: warning: empty parentheses were disambiguated as a function declaration [-Wvexing-parse]
  177 |   cxx11test::delegate d2();
      |                         ^~
conftest.cpp:177:25: note: remove parentheses to default-initialize a variable
  177 |   cxx11test::delegate d2();
      |                         ^~
      |                         --
conftest.cpp:177:25: note: or replace parentheses with braces to value-initialize a variable
configure:5359: $? = 0
configure:5378: result: none needed
configure:5449: checking dependency style of g++
configure:5562: result: gcc3
configure:5582: checking how to run the C++ preprocessor
configure:5604: g++ -E  conftest.cpp
configure:5604: $? = 0
configure:5620: g++ -E  conftest.cpp
conftest.cpp:11:10: fatal error: ac_nonexistent.h: No such file or directory
   11 | #include <ac_nonexistent.h>
      |          ^~~~~~~~~~~~~~~~~~
compilation terminated.
configure:5620: $? = 1
configure: failed program was:
| /* confdefs.h */
| #define PACKAGE_NAME "which"
| #define PACKAGE_TARNAME "which"
| #define PACKAGE_VERSION "2.23"
| #define PACKAGE_STRING "which 2.23"
| #define PACKAGE_BUGREPORT "which-bugs@gnu.org"
| #define PACKAGE_URL ""
| #define PACKAGE "which"
| #define VERSION "2.23"
| /* end confdefs.h.  */
| #include <ac_nonexistent.h>
configure:5649: result: g++ -E
configure:5663: g++ -E  conftest.cpp
configure:5663: $? = 0
configure:5679: g++ -E  conftest.cpp
conftest.cpp:11:10: fatal error: ac_nonexistent.h: No such file or directory
   11 | #include <ac_nonexistent.h>
      |          ^~~~~~~~~~~~~~~~~~
compilation terminated.
configure:5679: $? = 1
configure: failed program was:
| /* confdefs.h */
| #define PACKAGE_NAME "which"
| #define PACKAGE_TARNAME "which"
| #define PACKAGE_VERSION "2.23"
| #define PACKAGE_STRING "which 2.23"
| #define PACKAGE_BUGREPORT "which-bugs@gnu.org"
| #define PACKAGE_URL ""
| #define PACKAGE "which"
| #define VERSION "2.23"
| /* end confdefs.h.  */
| #include <ac_nonexistent.h>
configure:5720: checking build system type
configure:5736: result: x86_64-pc-linux-gnu
configure:5756: checking host system type
configure:5771: result: x86_64-pc-linux-gnu
configure:5798: checking how to run the C preprocessor
configure:5824: gcc -E  conftest.c
configure:5824: $? = 0
configure:5840: gcc -E  conftest.c
conftest.c:11:10: fatal error: ac_nonexistent.h: No such file or directory
   11 | #include <ac_nonexistent.h>
      |          ^~~~~~~~~~~~~~~~~~
compilation terminated.
configure:5840: $? = 1
configure: failed program was:
| /* confdefs.h */
| #define PACKAGE_NAME "which"
| #define PACKAGE_TARNAME "which"
| #define PACKAGE_VERSION "2.23"
| #define PACKAGE_STRING "which 2.23"
| #define PACKAGE_BUGREPORT "which-bugs@gnu.org"
| #define PACKAGE_URL ""
| #define PACKAGE "which"
| #define VERSION "2.23"
| /* end confdefs.h.  */
| #include <ac_nonexistent.h>
configure:5869: result: gcc -E
configure:5883: gcc -E  conftest.c
configure:5883: $? = 0
configure:5899: gcc -E  conftest.c
conftest.c:11:10: fatal error: ac_nonexistent.h: No such file or directory
   11 | #include <ac_nonexistent.h>
      |          ^~~~~~~~~~~~~~~~~~
compilation terminated.
configure:5899: $? = 1
configure: failed program was:
| /* confdefs.h */
| #define PACKAGE_NAME "which"
| #define PACKAGE_TARNAME "which"
| #define PACKAGE_VERSION "2.23"
| #define PACKAGE_STRING "which 2.23"
| #define PACKAGE_BUGREPORT "which-bugs@gnu.org"
| #define PACKAGE_URL ""
| #define PACKAGE "which"
| #define VERSION "2.23"
| /* end confdefs.h.  */
| #include <ac_nonexistent.h>
configure:5932: checking for egrep -e
configure:6062: result: /usr/bin/grep -E
configure:6479: checking whether C++ compiler accepts -ferror-limit=2
configure:6499: g++ -c -g -O2 -Werror -ferror-limit=2  conftest.cpp >&5
g++: error: unrecognized command-line option '-ferror-limit=2'
configure:6499: $? = 1
configure: failed program was:
| /* confdefs.h */
| #define PACKAGE_NAME "which"
| #define PACKAGE_TARNAME "which"
| #define PACKAGE_VERSION "2.23"
| #define PACKAGE_STRING "which 2.23"
| #define PACKAGE_BUGREPORT "which-bugs@gnu.org"
| #define PACKAGE_URL ""
| #define PACKAGE "which"
| #define VERSION "2.23"
| /* end confdefs.h.  */
| 
| int
| main (void)
| {
| 
|   ;
|   return 0;
| }
configure:6510: result: no
configure:6517: checking whether C++ compiler accepts -fmax-errors=2
configure:6537: g++ -c -g -O2 -Werror -fmax-errors=2  conftest.cpp >&5
configure:6537: $? = 0
configure:6548: result: yes
configure:6627: checking for xmalloc in -liberty
configure:6656: gcc -o conftest -g -O2   conftest.c -liberty   >&5
/usr/bin/ld: cannot find -liberty: No such file or directory
collect2: error: ld returned 1 exit status
configure:6656: $? = 1
configure: failed program was:
| /* confdefs.h */
| #define PACKAGE_NAME "which"
| #define PACKAGE_TARNAME "which"
| #define PACKAGE_VERSION "2.23"
| #define PACKAGE_STRING "which 2.23"
| #define PACKAGE_BUGREPORT "which-bugs@gnu.org"
| #define PACKAGE_URL ""
| #define PACKAGE "which"
| #define VERSION "2.23"
| /* end confdefs.h.  */
| 
| /* Override any GCC internal prototype to avoid an error.
|    Use char because int might match the return type of a GCC
|    builtin and then its argument prototype would still apply.
|    The 'extern "C"' is for builds by C++ compilers;
|    although this is not generally supported in C code supporting it here
|    has little cost and some practical benefit (sr 110532).  */
| #ifdef __cplusplus
| extern "C"
| #endif
| char xmalloc (void);
| int
| main (void)
| {
| return xmalloc ();
|   ;
|   return 0;
| }
configure:6668: result: no
configure:6685: checking for library containing GetProfilesDirectoryA
configure:6721: gcc -o conftest -g -O2   conftest.c  >&5
/usr/bin/ld: /tmp/ccx06Vtr.o: in function `main':
/home/LFS/GitHub/DevHelp/Website/Packages/which/which-2.23/conftest.c:26:(.text.startup+0x5): undefined reference to `GetProfilesDirectoryA'
collect2: error: ld returned 1 exit status
configure:6721: $? = 1
configure: failed program was:
| /* confdefs.h */
| #define PACKAGE_NAME "which"
| #define PACKAGE_TARNAME "which"
| #define PACKAGE_VERSION "2.23"
| #define PACKAGE_STRING "which 2.23"
| #define PACKAGE_BUGREPORT "which-bugs@gnu.org"
| #define PACKAGE_URL ""
| #define PACKAGE "which"
| #define VERSION "2.23"
| #define NEED_XMALLOC 1
| /* end confdefs.h.  */
| 
| /* Override any GCC internal prototype to avoid an error.
|    Use char because int might match the return type of a GCC
|    builtin and then its argument prototype would still apply.
|    The 'extern "C"' is for builds by C++ compilers;
|    although this is not generally supported in C code supporting it here
|    has little cost and some practical benefit (sr 110532).  */
| #ifdef __cplusplus
| extern "C"
| #endif
| char GetProfilesDirectoryA (void);
| int
| main (void)
| {
| return GetProfilesDirectoryA ();
|   ;
|   return 0;
| }
configure:6721: gcc -o conftest -g -O2   conftest.c -luserenv   >&5
/usr/bin/ld: cannot find -luserenv: No such file or directory
collect2: error: ld returned 1 exit status
configure:6721: $? = 1
configure: failed program was:
| /* confdefs.h */
| #define PACKAGE_NAME "which"
| #define PACKAGE_TARNAME "which"
| #define PACKAGE_VERSION "2.23"
| #define PACKAGE_STRING "which 2.23"
| #define PACKAGE_BUGREPORT "which-bugs@gnu.org"
| #define PACKAGE_URL ""
| #define PACKAGE "which"
| #define VERSION "2.23"
| #define NEED_XMALLOC 1
| /* end confdefs.h.  */
| 
| /* Override any GCC internal prototype to avoid an error.
|    Use char because int might match the return type of a GCC
|    builtin and then its argument prototype would still apply.
|    The 'extern "C"' is for builds by C++ compilers;
|    although this is not generally supported in C code supporting it here
|    has little cost and some practical benefit (sr 110532).  */
| #ifdef __cplusplus
| extern "C"
| #endif
| char GetProfilesDirectoryA (void);
| int
| main (void)
| {
| return GetProfilesDirectoryA ();
|   ;
|   return 0;
| }
configure:6743: result: no
configure:6758: checking for stdio.h
configure:6758: gcc -c -g -O2  conftest.c >&5
configure:6758: $? = 0
configure:6758: result: yes
configure:6758: checking for stdlib.h
configure:6758: gcc -c -g -O2  conftest.c >&5
configure:6758: $? = 0
configure:6758: result: yes
configure:6758: checking for string.h
configure:6758: gcc -c -g -O2  conftest.c >&5
configure:6758: $? = 0
configure:6758: result: yes
configure:6758: checking for inttypes.h
configure:6758: gcc -c -g -O2  conftest.c >&5
configure:6758: $? = 0
configure:6758: result: yes
configure:6758: checking for stdint.h
configure:6758: gcc -c -g -O2  conftest.c >&5
configure:6758: $? = 0
configure:6758: result: yes
configure:6758: checking for strings.h
configure:6758: gcc -c -g -O2  conftest.c >&5
configure:6758: $? = 0
configure:6758: result: yes
configure:6758: checking for sys/stat.h
configure:6758: gcc -c -g -O2  conftest.c >&5
configure:6758: $? = 0
configure:6758: result: yes
configure:6758: checking for sys/types.h
configure:6758: gcc -c -g -O2  conftest.c >&5
configure:6758: $? = 0
configure:6758: result: yes
configure:6758: checking for unistd.h
configure:6758: gcc -c -g -O2  conftest.c >&5
configure:6758: $? = 0
configure:6758: result: yes
configure:6783: checking for unistd.h
configure:6783: result: yes
configure:6789: checking for string.h
configure:6789: result: yes
configure:6795: checking for libiberty.h
configure:6795: gcc -c -g -O2  conftest.c >&5
conftest.c:52:10: fatal error: libiberty.h: No such file or directory
   52 | #include <libiberty.h>
      |          ^~~~~~~~~~~~~
compilation terminated.
configure:6795: $? = 1
configure: failed program was:
| /* confdefs.h */
| #define PACKAGE_NAME "which"
| #define PACKAGE_TARNAME "which"
| #define PACKAGE_VERSION "2.23"
| #define PACKAGE_STRING "which 2.23"
| #define PACKAGE_BUGREPORT "which-bugs@gnu.org"
| #define PACKAGE_URL ""
| #define PACKAGE "which"
| #define VERSION "2.23"
| #define NEED_XMALLOC 1
| #define HAVE_STDIO_H 1
| #define HAVE_STDLIB_H 1
| #define HAVE_STRING_H 1
| #define HAVE_INTTYPES_H 1
| #define HAVE_STDINT_H 1
| #define HAVE_STRINGS_H 1
| #define HAVE_SYS_STAT_H 1
| #define HAVE_SYS_TYPES_H 1
| #define HAVE_UNISTD_H 1
| #define STDC_HEADERS 1
| #define HAVE_UNISTD_H 1
| #define HAVE_STRING_H 1
| /* end confdefs.h.  */
| #include <stddef.h>
| #ifdef HAVE_STDIO_H
| # include <stdio.h>
| #endif
| #ifdef HAVE_STDLIB_H
| # include <stdlib.h>
| #endif
| #ifdef HAVE_STRING_H
| # include <string.h>
| #endif
| #ifdef HAVE_INTTYPES_H
| # include <inttypes.h>
| #endif
| #ifdef HAVE_STDINT_H
| # include <stdint.h>
| #endif
| #ifdef HAVE_STRINGS_H
| # include <strings.h>
| #endif
| #ifdef HAVE_SYS_TYPES_H
| # include <sys/types.h>
| #endif
| #ifdef HAVE_SYS_STAT_H
| # include <sys/stat.h>
| #endif
| #ifdef HAVE_UNISTD_H
| # include <unistd.h>
| #endif
| #include <libiberty.h>
configure:6795: result: no
configure:6802: checking whether stat file-mode macros are broken
configure:6830: gcc -c -g -O2  conftest.c >&5
configure:6830: $? = 0
configure:6840: result: no
configure:6850: checking for an ANSI C-conforming const
configure:6917: gcc -c -g -O2  conftest.c >&5
configure:6917: $? = 0
configure:6927: result: yes
configure:6935: checking for size_t
configure:6935: gcc -c -g -O2  conftest.c >&5
configure:6935: $? = 0
configure:6935: gcc -c -g -O2  conftest.c >&5
conftest.c: In function 'main':
conftest.c:55:21: error: expected expression before ')' token
   55 | if (sizeof ((size_t)))
      |                     ^
configure:6935: $? = 1
configure: failed program was:
| /* confdefs.h */
| #define PACKAGE_NAME "which"
| #define PACKAGE_TARNAME "which"
| #define PACKAGE_VERSION "2.23"
| #define PACKAGE_STRING "which 2.23"
| #define PACKAGE_BUGREPORT "which-bugs@gnu.org"
| #define PACKAGE_URL ""
| #define PACKAGE "which"
| #define VERSION "2.23"
| #define NEED_XMALLOC 1
| #define HAVE_STDIO_H 1
| #define HAVE_STDLIB_H 1
| #define HAVE_STRING_H 1
| #define HAVE_INTTYPES_H 1
| #define HAVE_STDINT_H 1
| #define HAVE_STRINGS_H 1
| #define HAVE_SYS_STAT_H 1
| #define HAVE_SYS_TYPES_H 1
| #define HAVE_UNISTD_H 1
| #define STDC_HEADERS 1
| #define HAVE_UNISTD_H 1
| #define HAVE_STRING_H 1
| /* end confdefs.h.  */
| #include <stddef.h>
| #ifdef HAVE_STDIO_H
| # include <stdio.h>
| #endif
| #ifdef HAVE_STDLIB_H
| # include <stdlib.h>
| #endif
| #ifdef HAVE_STRING_H
| # include <string.h>
| #endif
| #ifdef HAVE_INTTYPES_H
| # include <inttypes.h>
| #endif
| #ifdef HAVE_STDINT_H
| # include <stdint.h>
| #endif
| #ifdef HAVE_STRINGS_H
| # include <strings.h>
| #endif
| #ifdef HAVE_SYS_TYPES_H
| # include <sys/types.h>
| #endif
| #ifdef HAVE_SYS_STAT_H
| # include <sys/stat.h>
| #endif
| #ifdef HAVE_UNISTD_H
| # include <unistd.h>
| #endif
| int
| main (void)
| {
| if (sizeof ((size_t)))
| 	    return 0;
|   ;
|   return 0;
| }
configure:6935: result: yes
configure:6948: checking for uid_t
configure:6948: gcc -c -g -O2  conftest.c >&5
configure:6948: $? = 0
configure:6948: gcc -c -g -O2  conftest.c >&5
conftest.c: In function 'main':
conftest.c:55:20: error: expected expression before ')' token
   55 | if (sizeof ((uid_t)))
      |                    ^
configure:6948: $? = 1
configure: failed program was:
| /* confdefs.h */
| #define PACKAGE_NAME "which"
| #define PACKAGE_TARNAME "which"
| #define PACKAGE_VERSION "2.23"
| #define PACKAGE_STRING "which 2.23"
| #define PACKAGE_BUGREPORT "which-bugs@gnu.org"
| #define PACKAGE_URL ""
| #define PACKAGE "which"
| #define VERSION "2.23"
| #define NEED_XMALLOC 1
| #define HAVE_STDIO_H 1
| #define HAVE_STDLIB_H 1
| #define HAVE_STRING_H 1
| #define HAVE_INTTYPES_H 1
| #define HAVE_STDINT_H 1
| #define HAVE_STRINGS_H 1
| #define HAVE_SYS_STAT_H 1
| #define HAVE_SYS_TYPES_H 1
| #define HAVE_UNISTD_H 1
| #define STDC_HEADERS 1
| #define HAVE_UNISTD_H 1
| #define HAVE_STRING_H 1
| /* end confdefs.h.  */
| #include <stddef.h>
| #ifdef HAVE_STDIO_H
| # include <stdio.h>
| #endif
| #ifdef HAVE_STDLIB_H
| # include <stdlib.h>
| #endif
| #ifdef HAVE_STRING_H
| # include <string.h>
| #endif
| #ifdef HAVE_INTTYPES_H
| # include <inttypes.h>
| #endif
| #ifdef HAVE_STDINT_H
| # include <stdint.h>
| #endif
| #ifdef HAVE_STRINGS_H
| # include <strings.h>
| #endif
| #ifdef HAVE_SYS_TYPES_H
| # include <sys/types.h>
| #endif
| #ifdef HAVE_SYS_STAT_H
| # include <sys/stat.h>
| #endif
| #ifdef HAVE_UNISTD_H
| # include <unistd.h>
| #endif
| int
| main (void)
| {
| if (sizeof ((uid_t)))
| 	    return 0;
|   ;
|   return 0;
| }
configure:6948: result: yes
configure:6959: checking for gid_t
configure:6959: gcc -c -g -O2  conftest.c >&5
configure:6959: $? = 0
configure:6959: gcc -c -g -O2  conftest.c >&5
conftest.c: In function 'main':
conftest.c:55:20: error: expected expression before ')' token
   55 | if (sizeof ((gid_t)))
      |                    ^
configure:6959: $? = 1
configure: failed program was:
| /* confdefs.h */
| #define PACKAGE_NAME "which"
| #define PACKAGE_TARNAME "which"
| #define PACKAGE_VERSION "2.23"
| #define PACKAGE_STRING "which 2.23"
| #define PACKAGE_BUGREPORT "which-bugs@gnu.org"
| #define PACKAGE_URL ""
| #define PACKAGE "which"
| #define VERSION "2.23"
| #define NEED_XMALLOC 1
| #define HAVE_STDIO_H 1
| #define HAVE_STDLIB_H 1
| #define HAVE_STRING_H 1
| #define HAVE_INTTYPES_H 1
| #define HAVE_STDINT_H 1
| #define HAVE_STRINGS_H 1
| #define HAVE_SYS_STAT_H 1
| #define HAVE_SYS_TYPES_H 1
| #define HAVE_UNISTD_H 1
| #define STDC_HEADERS 1
| #define HAVE_UNISTD_H 1
| #define HAVE_STRING_H 1
| /* end confdefs.h.  */
| #include <stddef.h>
| #ifdef HAVE_STDIO_H
| # include <stdio.h>
| #endif
| #ifdef HAVE_STDLIB_H
| # include <stdlib.h>
| #endif
| #ifdef HAVE_STRING_H
| # include <string.h>
| #endif
| #ifdef HAVE_INTTYPES_H
| # include <inttypes.h>
| #endif
| #ifdef HAVE_STDINT_H
| # include <stdint.h>
| #endif
| #ifdef HAVE_STRINGS_H
| # include <strings.h>
| #endif
| #ifdef HAVE_SYS_TYPES_H
| # include <sys/types.h>
| #endif
| #ifdef HAVE_SYS_STAT_H
| # include <sys/stat.h>
| #endif
| #ifdef HAVE_UNISTD_H
| # include <unistd.h>
| #endif
| int
| main (void)
| {
| if (sizeof ((gid_t)))
| 	    return 0;
|   ;
|   return 0;
| }
configure:6959: result: yes
configure:6970: checking type of array argument to getgroups
configure:7000: gcc -c -g -O2  conftest.c >&5
configure:7000: $? = 0
configure:7020: gcc -c -g -O2  conftest.c >&5
conftest.c:52:12: error: conflicting types for 'getgroups'; have 'int(int,  int *)'
   52 | extern int getgroups(int, int *);
      |            ^~~~~~~~~
In file included from conftest.c:50:
/usr/include/unistd.h:711:12: note: previous declaration of 'getgroups' with type 'int(int,  __gid_t *)' {aka 'int(int,  unsigned int *)'}
  711 | extern int getgroups (int __size, __gid_t __list[]) __THROW __wur
      |            ^~~~~~~~~
configure:7020: $? = 1
configure: failed program was:
| /* confdefs.h */
| #define PACKAGE_NAME "which"
| #define PACKAGE_TARNAME "which"
| #define PACKAGE_VERSION "2.23"
| #define PACKAGE_STRING "which 2.23"
| #define PACKAGE_BUGREPORT "which-bugs@gnu.org"
| #define PACKAGE_URL ""
| #define PACKAGE "which"
| #define VERSION "2.23"
| #define NEED_XMALLOC 1
| #define HAVE_STDIO_H 1
| #define HAVE_STDLIB_H 1
| #define HAVE_STRING_H 1
| #define HAVE_INTTYPES_H 1
| #define HAVE_STDINT_H 1
| #define HAVE_STRINGS_H 1
| #define HAVE_SYS_STAT_H 1
| #define HAVE_SYS_TYPES_H 1
| #define HAVE_UNISTD_H 1
| #define STDC_HEADERS 1
| #define HAVE_UNISTD_H 1
| #define HAVE_STRING_H 1
| /* end confdefs.h.  */
| #include <stddef.h>
| #ifdef HAVE_STDIO_H
| # include <stdio.h>
| #endif
| #ifdef HAVE_STDLIB_H
| # include <stdlib.h>
| #endif
| #ifdef HAVE_STRING_H
| # include <string.h>
| #endif
| #ifdef HAVE_INTTYPES_H
| # include <inttypes.h>
| #endif
| #ifdef HAVE_STDINT_H
| # include <stdint.h>
| #endif
| #ifdef HAVE_STRINGS_H
| # include <strings.h>
| #endif
| #ifdef HAVE_SYS_TYPES_H
| # include <sys/types.h>
| #endif
| #ifdef HAVE_SYS_STAT_H
| # include <sys/stat.h>
| #endif
| #ifdef HAVE_UNISTD_H
| # include <unistd.h>
| #endif
| extern int getgroups(int, int *);
| int
| main (void)
| {
| return !(getgroups(0, 0) >= 0);
|   ;
|   return 0;
| }
configure:7085: result: gid_t
configure:7090: checking for strchr
configure:7090: gcc -o conftest -g -O2   conftest.c  >&5
conftest.c:41:6: warning: conflicting types for built-in function 'strchr'; expected 'char *(const char *, int)' [-Wbuiltin-declaration-mismatch]
   41 | char strchr (void);
      |      ^~~~~~
conftest.c:33:1: note: 'strchr' is declared in header '<string.h>'
   32 | #include <limits.h>
   33 | #undef strchr
configure:7090: $? = 0
configure:7090: result: yes
configure:7096: checking for memcpy
configure:7096: gcc -o conftest -g -O2   conftest.c  >&5
conftest.c:42:6: warning: conflicting types for built-in function 'memcpy'; expected 'void *(void *, const void *, long unsigned int)' [-Wbuiltin-declaration-mismatch]
   42 | char memcpy (void);
      |      ^~~~~~
conftest.c:34:1: note: 'memcpy' is declared in header '<string.h>'
   33 | #include <limits.h>
   34 | #undef memcpy
configure:7096: $? = 0
configure:7096: result: yes
configure:7102: checking for getopt_long
configure:7102: gcc -o conftest -g -O2   conftest.c  >&5
configure:7102: $? = 0
configure:7102: result: yes
configure:7108: checking for getcwd
configure:7108: gcc -o conftest -g -O2   conftest.c  >&5
configure:7108: $? = 0
configure:7108: result: yes
configure:7114: checking for getwd
configure:7114: gcc -o conftest -g -O2   conftest.c  >&5
/usr/bin/ld: /tmp/ccMQR3f8.o: in function `main':
/home/LFS/GitHub/DevHelp/Website/Packages/which/which-2.23/conftest.c:56:(.text.startup+0x5): warning: the `getwd' function is dangerous and should not be used.
configure:7114: $? = 0
configure:7114: result: yes
configure:7120: checking for sysconf
configure:7120: gcc -o conftest -g -O2   conftest.c  >&5
configure:7120: $? = 0
configure:7120: result: yes
configure:7126: checking for getgroups
configure:7126: gcc -o conftest -g -O2   conftest.c  >&5
configure:7126: $? = 0
configure:7126: result: yes
configure:7132: checking for eaccess
configure:7132: gcc -o conftest -g -O2   conftest.c  >&5
configure:7132: $? = 0
configure:7132: result: yes
configure:7148: checking for gcc option to enable large file support
configure:7183: gcc -c -g -O2  conftest.c >&5
configure:7183: $? = 0
configure:7189: gcc -DFTYPE=ino_t -c -g -O2  conftest.c >&5
configure:7189: $? = 0
configure:7214: result: none needed
configure:7320: checking for ar
configure:7341: found /usr/bin/ar
configure:7354: result: ar
configure:7411: checking for ranlib
configure:7432: found /usr/bin/ranlib
configure:7444: result: ranlib
configure:7466: checking for stdlib.h
configure:7466: result: yes
configure:7472: checking for memory.h
configure:7472: gcc -c -g -O2  conftest.c >&5
configure:7472: $? = 0
configure:7472: result: yes
configure:7478: checking for pwd.h
configure:7478: gcc -c -g -O2  conftest.c >&5
configure:7478: $? = 0
configure:7478: result: yes
configure:7484: checking for strings.h
configure:7484: result: yes
configure:7491: checking for getpwent
configure:7491: gcc -o conftest -g -O2   conftest.c  >&5
configure:7491: $? = 0
configure:7491: result: yes
configure:7497: checking for getpwnam
configure:7497: gcc -o conftest -g -O2   conftest.c  >&5
configure:7497: $? = 0
configure:7497: result: yes
configure:7503: checking for getpwuid
configure:7503: gcc -o conftest -g -O2   conftest.c  >&5
configure:7503: $? = 0
configure:7503: result: yes
configure:7510: checking whether getpw functions are declared in pwd.h
configure:7539: result: yes
configure:7671: checking that generated files are newer than configure
configure:7677: result: done
configure:7742: creating ./config.status

## ---------------------- ##
## Running config.status. ##
## ---------------------- ##

This file was extended by which config.status 2.23, which was
generated by GNU Autoconf 2.72.  Invocation command line was

  CONFIG_FILES    = 
  CONFIG_HEADERS  = 
  CONFIG_LINKS    = 
  CONFIG_COMMANDS = 
  $ ./config.status 

on Hp440G8

config.status:919: creating maintMakefile
config.status:919: creating Makefile
config.status:919: creating config.h
config.status:1100: config.h is unchanged
config.status:1148: executing depfiles commands
config.status:1223: cd .       && sed -e '/# am--include-marker/d' Makefile         | make -f - am--depfiles
make: Nothing to be done for 'am--depfiles'.
config.status:1230: $? = 0

## ---------------- ##
## Cache variables. ##
## ---------------- ##

ac_cv_build=x86_64-pc-linux-gnu
ac_cv_c_compiler_gnu=yes
ac_cv_c_const=yes
ac_cv_cxx_compiler_gnu=yes
ac_cv_env_CCC_set=
ac_cv_env_CCC_value=
ac_cv_env_CC_set=
ac_cv_env_CC_value=
ac_cv_env_CFLAGS_set=
ac_cv_env_CFLAGS_value=
ac_cv_env_CPPFLAGS_set=
ac_cv_env_CPPFLAGS_value=
ac_cv_env_CPP_set=
ac_cv_env_CPP_value=
ac_cv_env_CXXCPP_set=
ac_cv_env_CXXCPP_value=
ac_cv_env_CXXFLAGS_set=
ac_cv_env_CXXFLAGS_value=
ac_cv_env_CXX_set=
ac_cv_env_CXX_value=
ac_cv_env_LDFLAGS_set=
ac_cv_env_LDFLAGS_value=
ac_cv_env_LIBS_set=
ac_cv_env_LIBS_value=
ac_cv_env_build_alias_set=
ac_cv_env_build_alias_value=
ac_cv_env_host_alias_set=
ac_cv_env_host_alias_value=
ac_cv_env_target_alias_set=
ac_cv_env_target_alias_value=
ac_cv_func_eaccess=yes
ac_cv_func_getcwd=yes
ac_cv_func_getgroups=yes
ac_cv_func_getopt_long=yes
ac_cv_func_getpwent=yes
ac_cv_func_getpwnam=yes
ac_cv_func_getpwuid=yes
ac_cv_func_getwd=yes
ac_cv_func_memcpy=yes
ac_cv_func_strchr=yes
ac_cv_func_sysconf=yes
ac_cv_header_inttypes_h=yes
ac_cv_header_libiberty_h=no
ac_cv_header_memory_h=yes
ac_cv_header_pwd_h=yes
ac_cv_header_stat_broken=no
ac_cv_header_stdint_h=yes
ac_cv_header_stdio_h=yes
ac_cv_header_stdlib_h=yes
ac_cv_header_string_h=yes
ac_cv_header_strings_h=yes
ac_cv_header_sys_stat_h=yes
ac_cv_header_sys_types_h=yes
ac_cv_header_unistd_h=yes
ac_cv_host=x86_64-pc-linux-gnu
ac_cv_lib_iberty_xmalloc=no
ac_cv_objext=o
ac_cv_path_EGREP_TRADITIONAL='/usr/bin/grep -E'
ac_cv_path_install='/usr/bin/install -c'
ac_cv_path_mkdir=/usr/bin/mkdir
ac_cv_prog_AR=ar
ac_cv_prog_AWK=gawk
ac_cv_prog_CPP='gcc -E'
ac_cv_prog_CXXCPP='g++ -E'
ac_cv_prog_ac_ct_CC=gcc
ac_cv_prog_ac_ct_CXX=g++
ac_cv_prog_ac_ct_RANLIB=ranlib
ac_cv_prog_cc_c11=
ac_cv_prog_cc_g=yes
ac_cv_prog_cc_stdc=
ac_cv_prog_cxx_cxx11=
ac_cv_prog_cxx_g=yes
ac_cv_prog_cxx_stdcxx=
ac_cv_prog_make_make_set=yes
ac_cv_search_GetProfilesDirectoryA=no
ac_cv_sys_largefile_opts='none needed'
ac_cv_type_getgroups=gid_t
ac_cv_type_gid_t=yes
ac_cv_type_size_t=yes
ac_cv_type_uid_t=yes
am_cv_CC_dependencies_compiler_type=gcc3
am_cv_CXX_dependencies_compiler_type=gcc3
am_cv_filesystem_timestamp_resolution=0.01
am_cv_make_support_nested_variables=yes
am_cv_prog_cc_c_o=yes
am_cv_sleep_fractional_seconds=yes
am_cv_xargs_n_works=yes
ax_cv_check_cxxflags__Werror__ferror_limit_2=no
ax_cv_check_cxxflags__Werror__fmax_errors_2=yes
bash_cv_getpw_declared=yes
which_cv_iberty=yes

## ----------------- ##
## Output variables. ##
## ----------------- ##

ACLOCAL='${SHELL} '\''/home/LFS/GitHub/DevHelp/Website/Packages/which/which-2.23/missing'\'' aclocal-1.17'
AMDEPBACKSLASH='\'
AMDEP_FALSE='#'
AMDEP_TRUE=''
AMTAR='$${TAR-tar}'
AM_BACKSLASH='\'
AM_DEFAULT_V='$(AM_DEFAULT_VERBOSITY)'
AM_DEFAULT_VERBOSITY='1'
AM_V='$(V)'
AR='ar'
ARFLAGS='cruU'
AR_FLAGS='cruU'
AUTOCONF='${SHELL} '\''/home/LFS/GitHub/DevHelp/Website/Packages/which/which-2.23/missing'\'' autoconf'
AUTOHEADER='${SHELL} '\''/home/LFS/GitHub/DevHelp/Website/Packages/which/which-2.23/missing'\'' autoheader'
AUTOMAKE='${SHELL} '\''/home/LFS/GitHub/DevHelp/Website/Packages/which/which-2.23/missing'\'' automake-1.17'
AWK='gawk'
CC='gcc'
CCDEPMODE='depmode=gcc3'
CFLAGS='-g -O2'
CPP='gcc -E'
CPPFLAGS=''
CSCOPE='cscope'
CTAGS='ctags'
CWD_FLAGS=''
CWD_LIBS=''
CWD_R_FLAGS=''
CWD_R_LIBS=''
CW_DEBUG_FLAG='-g'
CW_NON_THREADED_FALSE='#'
CW_NON_THREADED_TRUE=''
CW_OPTIMIZE_FLAG='-O2'
CW_STRIPPED_CXXFLAGS=''
CW_SUBDIRS=''
CW_THREADED_FALSE=''
CW_THREADED_TRUE='#'
CW_WARNING_FLAGS=' -W -Wall -Woverloaded-virtual -Wundef -Wpointer-arith -Wwrite-strings -Winline'
CXX='g++'
CXXCPP='g++ -E'
CXXDEPMODE='depmode=gcc3'
CXXFLAGS='-fmax-errors=2 -g -W -Wall -Woverloaded-virtual -Wundef -Wpointer-arith -Wwrite-strings -Winline -O2'
CYGPATH_W='echo'
DEFS='-DHAVE_CONFIG_H'
DEPDIR='.deps'
DOXYGEN_CWDEBUG=''
DOXYGEN_DEBUG=''
ECHO_C=''
ECHO_N='-n'
ECHO_T=''
ETAGS='etags'
EXEEXT=''
INSTALL_DATA='${INSTALL} -m 644'
INSTALL_PROGRAM='${INSTALL}'
INSTALL_SCRIPT='${INSTALL}'
INSTALL_STRIP_PROGRAM='$(install_sh) -c -s'
LDFLAGS=''
LIBCWD_FLAGS=''
LIBCWD_LIBS=''
LIBCWD_R_FLAGS='-pthread'
LIBCWD_R_LIBS=''
LIBCWD_USED_FALSE=''
LIBCWD_USED_TRUE='#'
LIBOBJS=''
LIBS=''
LTLIBOBJS=''
MAINT='#'
MAINTAINER_MODE_FALSE=''
MAINTAINER_MODE_TRUE='#'
MAKEINFO='${SHELL} '\''/home/LFS/GitHub/DevHelp/Website/Packages/which/which-2.23/missing'\'' makeinfo'
MKDIR_P='/usr/bin/mkdir -p'
OBJEXT='o'
PACKAGE='which'
PACKAGE_BUGREPORT='which-bugs@gnu.org'
PACKAGE_NAME='which'
PACKAGE_STRING='which 2.23'
PACKAGE_TARNAME='which'
PACKAGE_URL=''
PACKAGE_VERSION='2.23'
PATH_SEPARATOR=':'
RANLIB='ranlib'
REAL_MAINTAINER_FALSE=''
REAL_MAINTAINER_TRUE='#'
SET_MAKE=''
SHELL='/bin/sh'
STRIP=''
USE_LIBCWD='no'
VERSION='2.23'
ac_ct_CC='gcc'
ac_ct_CXX='g++'
am__EXEEXT_FALSE=''
am__EXEEXT_TRUE='#'
am__fastdepCC_FALSE='#'
am__fastdepCC_TRUE=''
am__fastdepCXX_FALSE='#'
am__fastdepCXX_TRUE=''
am__include='include'
am__isrc=''
am__leading_dot='.'
am__nodep='_no'
am__quote=''
am__rm_f_notfound=''
am__tar='$${TAR-tar} chof - "$$tardir"'
am__untar='$${TAR-tar} xf -'
am__xargs_n='xargs -n'
bindir='${exec_prefix}/bin'
build='x86_64-pc-linux-gnu'
build_alias=''
build_cpu='x86_64'
build_os='linux-gnu'
build_vendor='pc'
datadir='${datarootdir}'
datarootdir='${prefix}/share'
docdir='${datarootdir}/doc/${PACKAGE_TARNAME}'
dvidir='${docdir}'
exec_prefix='${prefix}'
host='x86_64-pc-linux-gnu'
host_alias=''
host_cpu='x86_64'
host_os='linux-gnu'
host_vendor='pc'
htmldir='${docdir}'
includedir='${prefix}/include'
infodir='${datarootdir}/info'
install_sh='${SHELL} /home/LFS/GitHub/DevHelp/Website/Packages/which/which-2.23/install-sh'
libdir='${exec_prefix}/lib'
libexecdir='${exec_prefix}/libexec'
localedir='${datarootdir}/locale'
localstatedir='${prefix}/var'
mandir='${datarootdir}/man'
mkdir_p='$(MKDIR_P)'
oldincludedir='/usr/include'
pdfdir='${docdir}'
prefix='/usr'
program_transform_name='s,x,x,'
psdir='${docdir}'
runstatedir='${localstatedir}/run'
sbindir='${exec_prefix}/sbin'
sharedstatedir='${prefix}/com'
sysconfdir='${prefix}/etc'
target_alias=''

## ----------- ##
## confdefs.h. ##
## ----------- ##

/* confdefs.h */
#define PACKAGE_NAME "which"
#define PACKAGE_TARNAME "which"
#define PACKAGE_VERSION "2.23"
#define PACKAGE_STRING "which 2.23"
#define PACKAGE_BUGREPORT "which-bugs@gnu.org"
#define PACKAGE_URL ""
#define PACKAGE "which"
#define VERSION "2.23"
#define NEED_XMALLOC 1
#define HAVE_STDIO_H 1
#define HAVE_STDLIB_H 1
#define HAVE_STRING_H 1
#define HAVE_INTTYPES_H 1
#define HAVE_STDINT_H 1
#define HAVE_STRINGS_H 1
#define HAVE_SYS_STAT_H 1
#define HAVE_SYS_TYPES_H 1
#define HAVE_UNISTD_H 1
#define STDC_HEADERS 1
#define HAVE_UNISTD_H 1
#define HAVE_STRING_H 1
#define GETGROUPS_T gid_t
#define HAVE_STRCHR 1
#define HAVE_MEMCPY 1
#define HAVE_GETOPT_LONG 1
#define HAVE_GETCWD 1
#define HAVE_GETWD 1
#define HAVE_SYSCONF 1
#define HAVE_GETGROUPS 1
#define HAVE_EACCESS 1
#define HAVE_STDLIB_H 1
#define HAVE_MEMORY_H 1
#define HAVE_PWD_H 1
#define HAVE_STRINGS_H 1
#define HAVE_GETPWENT 1
#define HAVE_GETPWNAM 1
#define HAVE_GETPWUID 1
#define HAVE_GETPW_DECLS /**/

configure: exit 0
